\BOOKMARK [0][-]{Doc-Start}{\376\377\000A\000b\000s\000t\000r\000a\000c\000t}{}% 1
\BOOKMARK [0][-]{chapter*.1}{\376\377\000A\000C\000K\000N\000O\000W\000L\000E\000D\000G\000E\000M\000E\000N\000T}{}% 2
\BOOKMARK [0][-]{chapter*.1}{\376\377\000T\000A\000B\000L\000E\000\040\000O\000F\000\040\000C\000O\000N\000T\000E\000N\000T\000S}{}% 3
\BOOKMARK [0][-]{chapter*.2}{\376\377\000L\000I\000S\000T\000\040\000O\000F\000\040\000T\000A\000B\000L\000E\000S}{}% 4
\BOOKMARK [0][-]{chapter*.3}{\376\377\000L\000I\000S\000T\000\040\000O\000F\000\040\000F\000I\000G\000U\000R\000E\000S}{}% 5
\BOOKMARK [0][-]{chapter*.4}{\376\377\000L\000I\000S\000T\000\040\000O\000F\000\040\000A\000B\000B\000R\000E\000V\000I\000A\000T\000I\000O\000N\000S\000\040\000A\000N\000D\000\040\000S\000Y\000M\000B\000O\000L\000S}{}% 6
\BOOKMARK [0][-]{chapter.5}{\376\377\000I\000N\000T\000R\000O\000D\000U\000C\000T\000I\000O\000N}{}% 7
\BOOKMARK [1][-]{section.6}{\376\377\000S\000I\000G\000N\000I\000F\000I\000C\000A\000N\000C\000E\000\040\000O\000F\000\040\000A\000\040\000T\000H\000E\000S\000I\000S}{chapter.5}% 8
\BOOKMARK [1][-]{section.12}{\376\377\000T\000H\000E\000\040\000I\000M\000P\000O\000R\000T\000A\000N\000C\000E\000\040\000O\000F\000\040\000T\000H\000E\000\040\000T\000H\000E\000S\000I\000S\000\040\000P\000R\000E\000S\000E\000N\000T\000A\000T\000I\000O\000N\000\040\000P\000R\000O\000C\000E\000S\000S}{chapter.5}% 9
\BOOKMARK [2][-]{subsection.13}{\376\377\000I\000n\000t\000r\000o\000d\000u\000c\000t\000i\000o\000n\000\040\000S\000e\000c\000t\000i\000o\000n}{section.12}% 10
\BOOKMARK [2][-]{subsection.14}{\376\377\000M\000a\000i\000n\000\040\000C\000o\000n\000t\000e\000n\000t\000\040\000S\000e\000c\000t\000i\000o\000n}{section.12}% 11
\BOOKMARK [2][-]{subsection.15}{\376\377\000C\000o\000n\000c\000l\000u\000s\000i\000o\000n\000\040\000S\000e\000c\000t\000i\000o\000n}{section.12}% 12
\BOOKMARK [1][-]{section.16}{\376\377\000L\000A\000N\000G\000U\000A\000G\000E}{chapter.5}% 13
\BOOKMARK [0][-]{chapter.17}{\376\377\000T\000H\000E\000S\000I\000S\000\040\000O\000R\000G\000A\000N\000I\000Z\000A\000T\000I\000O\000N\000\040\000A\000N\000D\000\040\000C\000O\000M\000P\000O\000N\000E\000N\000T\000S}{}% 14
\BOOKMARK [1][-]{section.18}{\376\377\000T\000H\000E\000S\000I\000S\000\040\000C\000O\000M\000P\000O\000N\000E\000N\000T\000S\000\040\000-\000\040\000P\000A\000R\000T\000\040\0001\000:\000\040\000P\000R\000E\000L\000I\000M\000I\000N\000A\000R\000Y\000\040\000S\000E\000C\000T\000I\000O\000N}{chapter.17}% 15
\BOOKMARK [1][-]{section.29}{\376\377\000T\000H\000E\000S\000I\000S\000\040\000C\000O\000M\000P\000O\000N\000E\000N\000T\000S\000\040\000-\000\040\000P\000A\000R\000T\000\040\0002\000:\000\040\000M\000A\000I\000N\000\040\000S\000E\000C\000T\000I\000O\000N}{chapter.17}% 16
\BOOKMARK [1][-]{section.38}{\376\377\000T\000H\000E\000S\000I\000S\000\040\000C\000O\000M\000P\000O\000N\000E\000N\000T\000S\000\040\000-\000\040\000P\000A\000R\000T\000\040\0003\000:\000\040\000F\000I\000N\000A\000L\000\040\000S\000E\000C\000T\000I\000O\000N}{chapter.17}% 17
\BOOKMARK [1][-]{section.42}{\376\377\000E\000X\000P\000L\000A\000N\000A\000T\000I\000O\000N\000\040\000O\000F\000\040\000T\000H\000E\000S\000I\000S\000\040\000C\000O\000M\000P\000O\000N\000E\000N\000T\000S}{chapter.17}% 18
\BOOKMARK [2][-]{subsection.55}{\376\377\000P\000a\000r\000t\000\040\0002\000:\000\040\000M\000a\000i\000n\000\040\000S\000e\000c\000t\000i\000o\000n}{section.42}% 19
\BOOKMARK [3][-]{subsubsection.56}{\376\377\000I\000n\000t\000r\000o\000d\000u\000c\000t\000i\000o\000n}{subsection.55}% 20
\BOOKMARK [3][-]{subsubsection.65}{\376\377\000M\000a\000i\000n\000\040\000C\000o\000n\000t\000e\000n\000t}{subsection.55}% 21
\BOOKMARK [3][-]{subsubsection.71}{\376\377\000C\000o\000n\000c\000l\000u\000s\000i\000o\000n}{subsection.55}% 22
\BOOKMARK [2][-]{subsection.72}{\376\377\000P\000a\000r\000t\000\040\0003\000:\000\040\000F\000i\000n\000a\000l\000\040\000S\000e\000c\000t\000i\000o\000n}{section.42}% 23
\BOOKMARK [3][-]{subsubsection.73}{\376\377\000R\000e\000f\000e\000r\000e\000n\000c\000e\000\040\000L\000i\000s\000t}{subsection.72}% 24
\BOOKMARK [3][-]{subsubsection.74}{\376\377\000A\000p\000p\000e\000n\000d\000i\000c\000e\000s\000\040\000\050\000i\000f\000\040\000a\000p\000p\000l\000i\000c\000a\000b\000l\000e\000\051}{subsection.72}% 25
\BOOKMARK [3][-]{subsubsection.75}{\376\377\000A\000u\000t\000h\000o\000r\000\040\000B\000i\000o\000g\000r\000a\000p\000h\000y}{subsection.72}% 26
\BOOKMARK [0][-]{chapter.76}{\376\377\000P\000A\000G\000E\000\040\000L\000A\000Y\000O\000U\000T}{}% 27
\BOOKMARK [1][-]{section.77}{\376\377\000P\000A\000P\000E\000R\000\040\000S\000I\000Z\000E}{chapter.76}% 28
\BOOKMARK [1][-]{section.78}{\376\377\000F\000O\000N\000T}{chapter.76}% 29
\BOOKMARK [1][-]{section.79}{\376\377\000L\000I\000N\000E\000\040\000S\000P\000A\000C\000I\000N\000G}{chapter.76}% 30
\BOOKMARK [1][-]{section.80}{\376\377\000M\000A\000R\000G\000I\000N\000S}{chapter.76}% 31
\BOOKMARK [1][-]{section.81}{\376\377\000P\000A\000G\000E\000\040\000N\000U\000M\000B\000E\000R\000I\000N\000G}{chapter.76}% 32
\BOOKMARK [1][-]{section.82}{\376\377\000C\000H\000A\000P\000T\000E\000R\000\040\000D\000I\000V\000I\000S\000I\000O\000N\000,\000\040\000M\000A\000I\000N\000\040\000H\000E\000A\000D\000I\000N\000G\000S\000,\000\040\000A\000N\000D\000\040\000S\000U\000B\000H\000E\000A\000D\000I\000N\000G\000S}{chapter.76}% 33
\BOOKMARK [1][-]{section.83}{\376\377\000T\000A\000B\000L\000E\000S}{chapter.76}% 34
\BOOKMARK [1][-]{section.85}{\376\377\000I\000M\000A\000G\000E\000S}{chapter.76}% 35
\BOOKMARK [1][-]{section.87}{\376\377\000T\000A\000B\000L\000E\000\040\000O\000F\000\040\000C\000O\000N\000T\000E\000N\000T\000S\000,\000\040\000T\000A\000B\000L\000E\000\040\000O\000F\000\040\000T\000A\000B\000L\000E\000S\000,\000\040\000T\000A\000B\000L\000E\000\040\000O\000F\000\040\000F\000I\000G\000U\000R\000E\000S\000\040\000\050\000O\000R\000\040\000L\000I\000S\000T\000\040\000O\000F\000\040\000F\000I\000G\000U\000R\000E\000S\000\051}{chapter.76}% 36
\BOOKMARK [1][-]{section.88}{\376\377\000A\000B\000B\000R\000E\000V\000I\000A\000T\000I\000O\000N\000\040\000L\000I\000S\000T\000\040\000O\000R\000\040\000S\000Y\000M\000B\000O\000L\000\040\000L\000I\000S\000T}{chapter.76}% 37
\BOOKMARK [1][-]{section.89}{\376\377\000S\000C\000I\000E\000N\000T\000I\000F\000I\000C\000\040\000N\000A\000M\000E\000S}{chapter.76}% 38
\BOOKMARK [1][-]{section.90}{\376\377\000M\000A\000T\000H\000E\000M\000A\000T\000I\000C\000A\000L\000\040\000E\000Q\000U\000A\000T\000I\000O\000N\000S}{chapter.76}% 39
\BOOKMARK [1][-]{section.92}{\376\377\000F\000O\000R\000E\000I\000G\000N\000\040\000L\000A\000N\000G\000U\000A\000G\000E\000S}{chapter.76}% 40
\BOOKMARK [1][-]{section.93}{\376\377\000A\000B\000B\000R\000E\000V\000I\000A\000T\000I\000O\000N\000S}{chapter.76}% 41
\BOOKMARK [1][-]{section.94}{\376\377\000P\000U\000N\000C\000T\000U\000A\000T\000I\000O\000N\000\040\000M\000A\000R\000K\000S}{chapter.76}% 42
\BOOKMARK [0][-]{chapter.95}{\376\377\000R\000E\000F\000E\000R\000E\000N\000C\000E\000\040\000A\000N\000D\000\040\000C\000I\000T\000A\000T\000I\000O\000N}{}% 43
\BOOKMARK [1][-]{section.96}{\376\377\000I\000N\000-\000T\000E\000X\000T\000\040\000C\000I\000T\000A\000T\000I\000O\000N\000\040\000I\000N\000\040\000T\000H\000E\000\040\000N\000A\000M\000E\000-\000Y\000E\000A\000R\000\040\000S\000Y\000S\000T\000E\000M}{chapter.95}% 44
\BOOKMARK [1][-]{section.106}{\376\377\000I\000N\000-\000T\000E\000X\000T\000\040\000C\000I\000T\000A\000T\000I\000O\000N\000\040\000I\000N\000\040\000T\000H\000E\000\040\000N\000U\000M\000E\000R\000I\000C\000A\000L\000\040\000S\000E\000Q\000U\000E\000N\000C\000E\000\040\000S\000Y\000S\000T\000E\000M}{chapter.95}% 45
\BOOKMARK [0][-]{chapter.107}{\376\377\000B\000I\000B\000L\000I\000O\000G\000R\000A\000P\000H\000Y\000\040\000A\000N\000D\000\040\000R\000E\000F\000E\000R\000E\000N\000C\000E\000S}{}% 46
\BOOKMARK [1][-]{section.108}{\376\377\000G\000U\000I\000D\000E\000L\000I\000N\000E\000S\000\040\000F\000O\000R\000\040\000W\000R\000I\000T\000I\000N\000G\000\040\000B\000I\000B\000L\000I\000O\000G\000R\000A\000P\000H\000Y}{chapter.107}% 47
\BOOKMARK [1][-]{section.113}{\376\377\000G\000U\000I\000D\000E\000L\000I\000N\000E\000S\000\040\000F\000O\000R\000\040\000W\000R\000I\000T\000I\000N\000G\000\040\000R\000E\000F\000E\000R\000E\000N\000C\000E\000S}{chapter.107}% 48
\BOOKMARK [1][-]{section.118}{\376\377\000M\000E\000T\000H\000O\000D\000\040\000O\000F\000\040\000L\000I\000S\000T\000I\000N\000G\000\040\000B\000I\000B\000L\000I\000O\000G\000R\000A\000P\000H\000Y}{chapter.107}% 49
\BOOKMARK [2][-]{subsection.119}{\376\377\000A\000u\000t\000h\000o\000r\000s}{section.118}% 50
\BOOKMARK [2][-]{subsection.132}{\376\377\000A\000r\000t\000i\000c\000l\000e\000\040\000T\000i\000t\000l\000e\000s}{section.118}% 51
\BOOKMARK [2][-]{subsection.136}{\376\377\000B\000o\000o\000k\000\040\000o\000r\000\040\000J\000o\000u\000r\000n\000a\000l\000\040\000T\000i\000t\000l\000e\000s}{section.118}% 52
\BOOKMARK [2][-]{subsection.140}{\376\377\000E\000d\000i\000t\000i\000o\000n\000s}{section.118}% 53
\BOOKMARK [2][-]{subsection.143}{\376\377\000P\000l\000a\000c\000e\000\040\000o\000f\000\040\000P\000u\000b\000l\000i\000c\000a\000t\000i\000o\000n\000\040\000a\000n\000d\000\040\000P\000u\000b\000l\000i\000s\000h\000e\000r}{section.118}% 54
\BOOKMARK [2][-]{subsection.151}{\376\377\000Y\000e\000a\000r\000\040\000o\000f\000\040\000P\000u\000b\000l\000i\000c\000a\000t\000i\000o\000n}{section.118}% 55
\BOOKMARK [2][-]{subsection.154}{\376\377\000E\000x\000a\000m\000p\000l\000e\000\040\000o\000f\000\040\000B\000i\000b\000l\000i\000o\000g\000r\000a\000p\000h\000y\000\040\000F\000o\000r\000m\000a\000t}{section.118}% 56
\BOOKMARK [3][-]{subsubsection.161}{\376\377\000B\000o\000o\000k}{subsection.154}% 57
\BOOKMARK [3][-]{subsubsection.162}{\376\377\000T\000r\000a\000n\000s\000l\000a\000t\000e\000d\000\040\000B\000o\000o\000k\000s}{subsection.154}% 58
\BOOKMARK [3][-]{subsubsection.163}{\376\377\000T\000r\000a\000n\000s\000l\000a\000t\000e\000d\000\040\000B\000o\000o\000k\000s\000\040\000w\000i\000t\000h\000\040\000U\000n\000s\000p\000e\000c\000i\000f\000i\000e\000d\000\040\000O\000r\000i\000g\000i\000n\000a\000l\000\040\000A\000u\000t\000h\000o\000r\000\040\000i\000n\000\040\000t\000h\000e\000\040\000O\000r\000i\000g\000i\000n\000a\000l\000\040\000L\000a\000n\000g\000u\000a\000g\000e}{subsection.154}% 59
\BOOKMARK [3][-]{subsubsection.164}{\376\377\000B\000o\000o\000k\000s\000\040\000A\000u\000t\000h\000o\000r\000e\000d\000\040\000b\000y\000\040\000O\000r\000g\000a\000n\000i\000z\000a\000t\000i\000o\000n\000s}{subsection.154}% 60
\BOOKMARK [3][-]{subsubsection.165}{\376\377\000E\000d\000i\000t\000o\000r\000s\000\040\000o\000r\000\040\000C\000o\000m\000p\000i\000l\000e\000r\000s}{subsection.154}% 61
\BOOKMARK [3][-]{subsubsection.166}{\376\377\000C\000o\000n\000f\000e\000r\000e\000n\000c\000e\000\040\000P\000r\000o\000c\000e\000e\000d\000i\000n\000g\000\040\000o\000r\000\040\000A\000r\000t\000i\000c\000l\000e\000s\000\040\000f\000r\000o\000m\000\040\000B\000o\000o\000k\000s}{subsection.154}% 62
\BOOKMARK [3][-]{subsubsection.167}{\376\377\000J\000o\000u\000r\000n\000a\000l\000\040\000A\000r\000t\000i\000c\000l\000e\000s}{subsection.154}% 63
\BOOKMARK [3][-]{subsubsection.168}{\376\377\000T\000h\000e\000s\000i\000s\000\040\000a\000n\000d\000\040\000D\000i\000s\000s\000e\000r\000t\000a\000t\000i\000o\000n}{subsection.154}% 64
\BOOKMARK [3][-]{subsubsection.169}{\376\377\000R\000e\000v\000i\000e\000w\000s}{subsection.154}% 65
\BOOKMARK [3][-]{subsubsection.170}{\376\377\000A\000r\000t\000i\000c\000l\000e\000s\000\040\000i\000n\000\040\000E\000n\000c\000y\000c\000l\000o\000p\000e\000d\000i\000a\000s\000\040\000o\000r\000\040\000D\000i\000c\000t\000i\000o\000n\000a\000r\000i\000e\000s}{subsection.154}% 66
\BOOKMARK [3][-]{subsubsection.171}{\376\377\000N\000e\000w\000s\000p\000a\000p\000e\000r\000\040\000A\000r\000t\000i\000c\000l\000e\000s}{subsection.154}% 67
\BOOKMARK [3][-]{subsubsection.172}{\376\377\000N\000e\000w\000s\000\040\000M\000o\000n\000i\000t\000o\000r\000i\000n\000g\000\040\000a\000n\000d\000\040\000F\000a\000c\000t\000s\000\040\000C\000h\000e\000c\000k\000i\000n\000g\000\040\000i\000n\000\040\000N\000e\000w\000s\000p\000a\000p\000e\000r\000s\000\040\000O\000v\000e\000r\000\040\000a\000\040\000P\000e\000r\000i\000o\000d}{subsection.154}% 68
\BOOKMARK [3][-]{subsubsection.173}{\376\377\000N\000e\000w\000s\000l\000e\000t\000t\000e\000r\000s\000,\000\040\000P\000h\000o\000t\000o\000c\000o\000p\000i\000e\000s\000,\000\040\000a\000n\000d\000\040\000U\000n\000p\000u\000b\000l\000i\000s\000h\000e\000d\000\040\000D\000o\000c\000u\000m\000e\000n\000t\000s}{subsection.154}% 69
\BOOKMARK [3][-]{subsubsection.174}{\376\377\000G\000o\000v\000e\000r\000n\000m\000e\000n\000t\000\040\000P\000u\000b\000l\000i\000c\000a\000t\000i\000o\000n\000s\000\040\000a\000n\000d\000\040\000O\000t\000h\000e\000r\000\040\000O\000f\000f\000i\000c\000i\000a\000l\000\040\000D\000o\000c\000u\000m\000e\000n\000t\000s}{subsection.154}% 70
\BOOKMARK [3][-]{subsubsection.175}{\376\377\000I\000n\000t\000e\000r\000v\000i\000e\000w\000s}{subsection.154}% 71
\BOOKMARK [3][-]{subsubsection.176}{\376\377\000A\000u\000d\000i\000o\000v\000i\000s\000u\000a\000l\000\040\000M\000a\000t\000e\000r\000i\000a\000l\000s}{subsection.154}% 72
\BOOKMARK [3][-]{subsubsection.177}{\376\377\000P\000a\000t\000e\000n\000t\000s}{subsection.154}% 73
\BOOKMARK [3][-]{subsubsection.178}{\376\377\000E\000l\000e\000c\000t\000r\000o\000n\000i\000c\000\040\000M\000e\000d\000i\000a}{subsection.154}% 74
\BOOKMARK [2][-]{subsection.179}{\376\377\000E\000x\000a\000m\000p\000l\000e\000\040\000F\000o\000r\000m\000a\000t\000s\000\040\000f\000o\000r\000\040\000R\000e\000f\000e\000r\000e\000n\000c\000e\000s\000\040\000C\000i\000t\000a\000t\000i\000o\000n}{section.118}% 75
\BOOKMARK [3][-]{subsubsection.180}{\376\377\000B\000o\000o\000k}{subsection.179}% 76
\BOOKMARK [3][-]{subsubsection.181}{\376\377\000A\000r\000t\000i\000c\000l\000e\000s\000\040\000f\000r\000o\000m\000\040\000J\000o\000u\000r\000n\000a\000l\000s\000,\000\040\000B\000o\000o\000k\000s\000,\000\040\000o\000r\000\040\000C\000o\000n\000f\000e\000r\000e\000n\000c\000e\000\040\000P\000r\000o\000c\000e\000e\000d\000i\000n\000g\000s}{subsection.179}% 77
\BOOKMARK [3][-]{subsubsection.182}{\376\377\000T\000h\000e\000s\000i\000s\000\040\000a\000n\000d\000\040\000D\000i\000s\000s\000e\000r\000t\000a\000t\000i\000o\000n}{subsection.179}% 78
\BOOKMARK [3][-]{subsubsection.183}{\376\377\000P\000a\000t\000e\000n\000t\000s}{subsection.179}% 79
\BOOKMARK [3][-]{subsubsection.184}{\376\377\000V\000i\000s\000u\000a\000l\000\040\000M\000a\000t\000e\000r\000i\000a\000l\000s\000\040\000a\000n\000d\000\040\000O\000t\000h\000e\000r\000\040\000M\000e\000d\000i\000a}{subsection.179}% 80
\BOOKMARK [3][-]{subsubsection.185}{\376\377\000E\000l\000e\000c\000t\000r\000o\000n\000i\000c\000\040\000M\000e\000d\000i\000a}{subsection.179}% 81
\BOOKMARK [0][-]{subsubsection.185}{\376\377\000B\000I\000B\000L\000I\000O\000G\000R\000A\000P\000H\000Y}{}% 82
\BOOKMARK [0][-]{chapter*.186}{\376\377\000G\000U\000I\000D\000E\000L\000I\000N\000E\000S\000\040\000A\000N\000D\000\040\000P\000R\000O\000C\000E\000D\000U\000R\000E\000S\000\040\000F\000O\000R\000\040\000T\000H\000E\000S\000I\000S\000\040\000W\000R\000I\000T\000I\000N\000G}{}% 83
\BOOKMARK [0][-]{appendix*.199}{\376\377\000A\000U\000T\000H\000O\000R\000\040\000B\000I\000O\000G\000R\000A\000P\000H\000Y}{}% 84
